{"F:\\tech-otaku\\code\\nest-demo\\src\\controllers\\app.controller.ts": {"path":"F:\\tech-otaku\\code\\nest-demo\\src\\controllers\\app.controller.ts","statementMap":{"0":{"start":{"line":1,"column":0},"end":{"line":1,"column":49}},"1":{"start":{"line":2,"column":0},"end":{"line":2,"column":53}},"2":{"start":{"line":5,"column":7},"end":{"line":28,"column":null}},"3":{"start":{"line":6,"column":33},"end":{"line":6,"column":45}},"4":{"start":{"line":10,"column":8},"end":{"line":10,"column":42}},"5":{"start":{"line":15,"column":8},"end":{"line":18,"column":10}},"6":{"start":{"line":23,"column":8},"end":{"line":26,"column":10}},"7":{"start":{"line":5,"column":13},"end":{"line":5,"column":26}},"8":{"start":{"line":9,"column":4},"end":{"line":11,"column":null}},"9":{"start":{"line":14,"column":4},"end":{"line":19,"column":null}},"10":{"start":{"line":22,"column":4},"end":{"line":27,"column":null}},"11":{"start":{"line":5,"column":13},"end":{"line":28,"column":null}}},"fnMap":{"0":{"name":"(anonymous_2)","decl":{"start":{"line":6,"column":4},"end":{"line":6,"column":33}},"loc":{"start":{"line":6,"column":55},"end":{"line":6,"column":59}}},"1":{"name":"(anonymous_3)","decl":{"start":{"line":9,"column":4},"end":{"line":9,"column":12}},"loc":{"start":{"line":9,"column":12},"end":{"line":11,"column":5}}},"2":{"name":"(anonymous_4)","decl":{"start":{"line":14,"column":4},"end":{"line":14,"column":13}},"loc":{"start":{"line":14,"column":13},"end":{"line":19,"column":5}}},"3":{"name":"(anonymous_5)","decl":{"start":{"line":22,"column":4},"end":{"line":22,"column":11}},"loc":{"start":{"line":22,"column":11},"end":{"line":27,"column":5}}}},"branchMap":{},"s":{"0":2,"1":2,"2":2,"3":3,"4":1,"5":2,"6":0,"7":2,"8":2,"9":2,"10":2,"11":2},"f":{"0":3,"1":1,"2":2,"3":0},"b":{}}
,"F:\\tech-otaku\\code\\nest-demo\\src\\modules\\app.module.ts": {"path":"F:\\tech-otaku\\code\\nest-demo\\src\\modules\\app.module.ts","statementMap":{"0":{"start":{"line":1,"column":0},"end":{"line":1,"column":40}},"1":{"start":{"line":2,"column":0},"end":{"line":2,"column":62}},"2":{"start":{"line":3,"column":0},"end":{"line":3,"column":53}},"3":{"start":{"line":10,"column":7},"end":{"line":10,"column":null}},"4":{"start":{"line":10,"column":13},"end":{"line":10,"column":22}},"5":{"start":{"line":10,"column":13},"end":{"line":10,"column":null}}},"fnMap":{},"branchMap":{},"s":{"0":1,"1":1,"2":1,"3":1,"4":1,"5":1},"f":{},"b":{}}
,"F:\\tech-otaku\\code\\nest-demo\\src\\services\\app.service.ts": {"path":"F:\\tech-otaku\\code\\nest-demo\\src\\services\\app.service.ts","statementMap":{"0":{"start":{"line":1,"column":0},"end":{"line":1,"column":44}},"1":{"start":{"line":4,"column":7},"end":{"line":8,"column":null}},"2":{"start":{"line":6,"column":8},"end":{"line":6,"column":30}},"3":{"start":{"line":4,"column":13},"end":{"line":4,"column":23}},"4":{"start":{"line":4,"column":13},"end":{"line":8,"column":null}}},"fnMap":{"0":{"name":"(anonymous_1)","decl":{"start":{"line":5,"column":4},"end":{"line":5,"column":12}},"loc":{"start":{"line":5,"column":12},"end":{"line":7,"column":5}}}},"branchMap":{},"s":{"0":3,"1":3,"2":2,"3":3,"4":3},"f":{"0":2},"b":{}}
}
