TN:
SF:src\controllers\app.controller.ts
FN:6,(anonymous_2)
FN:9,(anonymous_3)
FN:14,(anonymous_4)
FN:22,(anonymous_5)
FNF:4
FNH:3
FNDA:3,(anonymous_2)
FNDA:1,(anonymous_3)
FNDA:2,(anonymous_4)
FNDA:0,(anonymous_5)
DA:1,2
DA:2,2
DA:5,2
DA:6,3
DA:9,2
DA:10,1
DA:14,2
DA:15,2
DA:22,2
DA:23,0
LF:10
LH:9
BRF:0
BRH:0
end_of_record
TN:
SF:src\modules\app.module.ts
FNF:0
FNH:0
DA:1,1
DA:2,1
DA:3,1
DA:10,1
LF:4
LH:4
BRF:0
BRH:0
end_of_record
TN:
SF:src\services\app.service.ts
FN:5,(anonymous_1)
FNF:1
FNH:1
FNDA:2,(anonymous_1)
DA:1,3
DA:4,3
DA:6,2
LF:3
LH:3
BRF:0
BRH:0
end_of_record
